Build started 6.6.2017 14:58:09.
     1>Project "c:\Users\Mato\Fixer\cuda_aruco\build\utils_hrm\aruco_hrm_test.vcxproj" on node 2 (Build target(s)).
     1>Link:
         C:\Program Files (x86)\Microsoft Visual Studio 12.0\VC\bin\x86_amd64\link.exe /ERRORREPORT:PROMPT /OUT:"C:\Users\Mato\Fixer\cuda_aruco\build\bin\Debug\aruco_hrm_test.exe" /INCREMENTAL /NOLOGO /LIBPATH:"C:/Program Files/NVIDIA GPU Computing Toolkit/CUDA/v7.5/lib/x64" /LIBPATH:"C:/Program Files/NVIDIA GPU Computing Toolkit/CUDA/v7.5/lib/x64/Debug" kernel32.lib user32.lib gdi32.lib winspool.lib shell32.lib ole32.lib oleaut32.lib uuid.lib comdlg32.lib advapi32.lib ..\bin\Debug\aruco130.lib C:\Intel\INDE\OpenCV_3.1_build_x64\lib\Debug\opencv_videostab310d.lib C:\Intel\INDE\OpenCV_3.1_build_x64\lib\Debug\opencv_superres310d.lib C:\Intel\INDE\OpenCV_3.1_build_x64\lib\Debug\opencv_stitching310d.lib C:\Intel\INDE\OpenCV_3.1_build_x64\lib\Debug\opencv_shape310d.lib C:\Intel\INDE\OpenCV_3.1_build_x64\lib\Debug\opencv_photo310d.lib C:\Intel\INDE\OpenCV_3.1_build_x64\lib\Debug\opencv_cudastereo310d.lib C:\Intel\INDE\OpenCV_3.1_build_x64\lib\Debug\opencv_cudaoptflow310d.lib C:\Intel\INDE\OpenCV_3.1_build_x64\lib\Debug\opencv_cudaobjdetect310d.lib C:\Intel\INDE\OpenCV_3.1_build_x64\lib\Debug\opencv_cudalegacy310d.lib C:\Intel\INDE\OpenCV_3.1_build_x64\lib\Debug\opencv_cudaimgproc310d.lib C:\Intel\INDE\OpenCV_3.1_build_x64\lib\Debug\opencv_cudafeatures2d310d.lib C:\Intel\INDE\OpenCV_3.1_build_x64\lib\Debug\opencv_cudacodec310d.lib C:\Intel\INDE\OpenCV_3.1_build_x64\lib\Debug\opencv_cudabgsegm310d.lib C:\Intel\INDE\OpenCV_3.1_build_x64\lib\Debug\opencv_calib3d310d.lib C:\Intel\INDE\OpenCV_3.1_build_x64\lib\Debug\opencv_objdetect310d.lib C:\Intel\INDE\OpenCV_3.1_build_x64\lib\Debug\opencv_cudawarping310d.lib C:\Intel\INDE\OpenCV_3.1_build_x64\lib\Debug\opencv_cudafilters310d.lib C:\Intel\INDE\OpenCV_3.1_build_x64\lib\Debug\opencv_video310d.lib C:\Intel\INDE\OpenCV_3.1_build_x64\lib\Debug\opencv_cudaarithm310d.lib C:\Intel\INDE\OpenCV_3.1_build_x64\lib\Debug\opencv_features2d310d.lib C:\Intel\INDE\OpenCV_3.1_build_x64\lib\Debug\opencv_ml310d.lib C:\Intel\INDE\OpenCV_3.1_build_x64\lib\Debug\opencv_highgui310d.lib C:\Intel\INDE\OpenCV_3.1_build_x64\lib\Debug\opencv_videoio310d.lib C:\Intel\INDE\OpenCV_3.1_build_x64\lib\Debug\opencv_imgcodecs310d.lib C:\Intel\INDE\OpenCV_3.1_build_x64\lib\Debug\opencv_imgproc310d.lib C:\Intel\INDE\OpenCV_3.1_build_x64\lib\Debug\opencv_flann310d.lib C:\Intel\INDE\OpenCV_3.1_build_x64\lib\Debug\opencv_core310d.lib C:\Intel\INDE\OpenCV_3.1_build_x64\lib\Debug\opencv_cudev310d.lib ..\bin\Debug\cuda_aruco.lib "C:\Program Files\NVIDIA GPU Computing Toolkit\CUDA\v7.5\lib\x64\cudart_static.lib" "C:\Program Files\NVIDIA GPU Computing Toolkit\CUDA\v7.5\lib\x64\cudadevrt.lib" /MANIFEST /MANIFESTUAC:"level='asInvoker' uiAccess='false'" /manifest:embed /DEBUG /PDB:"C:/Users/Mato/Fixer/cuda_aruco/build/bin/Debug/aruco_hrm_test.pdb" /SUBSYSTEM:CONSOLE /TLBID:1 /DYNAMICBASE /NXCOMPAT /IMPLIB:"C:/Users/Mato/Fixer/cuda_aruco/build/bin/Debug/aruco_hrm_test.lib" /MACHINE:X64   /machine:x64 aruco_hrm_test.dir\Debug\aruco_hrm_test.obj
         ..\src\CMakeFiles\cuda_aruco.dir\Debug\cuda_aruco_generated_cudaImage.cu.obj
         ..\src\CMakeFiles\cuda_aruco.dir\Debug\cuda_aruco_generated_cuda_aruco.cu.obj
         ..\src\CMakeFiles\cuda_aruco.dir\Debug\cuda_aruco_intermediate_link.obj
     1>LINK : fatal error LNK1104: cannot open file '..\bin\Debug\aruco130.lib'
     1>Done Building Project "c:\Users\Mato\Fixer\cuda_aruco\build\utils_hrm\aruco_hrm_test.vcxproj" (Build target(s)) -- FAILED.

Build FAILED.

Time Elapsed 00:00:00.10
