Build started 6.6.2017 13:40:28.
     1>Project "c:\Users\Mato\Fixer\cuda_aruco\build\utils\aruco_board_pix2meters.vcxproj" on node 2 (Rebuild target(s)).
     1>CustomBuild:
         Building Custom Rule C:/Users/Mato/Fixer/cuda_aruco/utils/CMakeLists.txt
         CMake does not need to re-run because C:/Users/Mato/Fixer/cuda_aruco/build/utils/CMakeFiles/generate.stamp is up-to-date.
       ClCompile:
         C:\Program Files (x86)\Microsoft Visual Studio 12.0\VC\bin\x86_amd64\CL.exe /c /IC:\Intel\INDE\OpenCV_3.1_build_x64 /IC:\Intel\INDE\OpenCV_3.1_src\include /IC:\Intel\INDE\OpenCV_3.1_src\include\opencv /IC:\Intel\INDE\OpenCV_3.1_src\modules\cudev\include /IC:\Intel\INDE\OpenCV_3.1_src\modules\hal\include /IC:\Intel\INDE\OpenCV_3.1_src\modules\core\include /IC:\Intel\INDE\OpenCV_3.1_src\modules\cudaarithm\include /IC:\Intel\INDE\OpenCV_3.1_src\modules\flann\include /IC:\Intel\INDE\OpenCV_3.1_src\modules\imgproc\include /IC:\Intel\INDE\OpenCV_3.1_src\modules\ml\include /IC:\Intel\INDE\OpenCV_3.1_src\modules\video\include /IC:\Intel\INDE\OpenCV_3.1_src\modules\cudabgsegm\include /IC:\Intel\INDE\OpenCV_3.1_src\modules\cudafilters\include /IC:\Intel\INDE\OpenCV_3.1_src\modules\cudaimgproc\include /IC:\Intel\INDE\OpenCV_3.1_src\modules\cudawarping\include /IC:\Intel\INDE\OpenCV_3.1_src\modules\imgcodecs\include /IC:\Intel\INDE\OpenCV_3.1_src\modules\photo\include /IC:\Intel\INDE\OpenCV_3.1_src\modules\shape\include /IC:\Intel\INDE\OpenCV_3.1_src\modules\videoio\include /IC:\Intel\INDE\OpenCV_3.1_src\modules\cudacodec\include /IC:\Intel\INDE\OpenCV_3.1_src\modules\highgui\include /IC:\Intel\INDE\OpenCV_3.1_src\modules\objdetect\include /IC:\Intel\INDE\OpenCV_3.1_src\modules\ts\include /IC:\Intel\INDE\OpenCV_3.1_src\modules\features2d\include /IC:\Intel\INDE\OpenCV_3.1_src\modules\calib3d\include /IC:\Intel\INDE\OpenCV_3.1_src\modules\cudafeatures2d\include /IC:\Intel\INDE\OpenCV_3.1_src\modules\cudalegacy\include /IC:\Intel\INDE\OpenCV_3.1_src\modules\cudaobjdetect\include /IC:\Intel\INDE\OpenCV_3.1_src\modules\cudaoptflow\include /IC:\Intel\INDE\OpenCV_3.1_src\modules\cudastereo\include /IC:\Intel\INDE\OpenCV_3.1_src\modules\stitching\include /IC:\Intel\INDE\OpenCV_3.1_src\modules\superres\include /IC:\Intel\INDE\OpenCV_3.1_src\modules\videostab\include /IC:\Users\Mato\Fixer\cuda_aruco\src /Zi /nologo /W3 /WX- /Od /Ob0 /D WIN32 /D _WINDOWS /D OPENCV_VERSION_3 /D "CMAKE_INTDIR=\"Debug\"" /D _MBCS /Gm- /EHsc /RTC1 /MDd /GS /fp:precise /Zc:wchar_t /Zc:forScope /GR /Fo"aruco_board_pix2meters.dir\Debug\\" /Fd"aruco_board_pix2meters.dir\Debug\vc120.pdb" /Gd /TP /errorReport:prompt C:\Users\Mato\Fixer\cuda_aruco\utils\aruco_board_pix2meters.cpp
         aruco_board_pix2meters.cpp
     1>c:\users\mato\fixer\cuda_aruco\src\cameraparameters.h(55): warning C4290: C++ exception specification ignored except to indicate a function is not __declspec(nothrow)
     1>c:\users\mato\fixer\cuda_aruco\src\cameraparameters.h(61): warning C4290: C++ exception specification ignored except to indicate a function is not __declspec(nothrow)
     1>c:\users\mato\fixer\cuda_aruco\src\cameraparameters.h(76): warning C4290: C++ exception specification ignored except to indicate a function is not __declspec(nothrow)
     1>c:\users\mato\fixer\cuda_aruco\src\cameraparameters.h(79): warning C4290: C++ exception specification ignored except to indicate a function is not __declspec(nothrow)
     1>c:\users\mato\fixer\cuda_aruco\src\cameraparameters.h(83): warning C4290: C++ exception specification ignored except to indicate a function is not __declspec(nothrow)
     1>c:\users\mato\fixer\cuda_aruco\src\cameraparameters.h(87): warning C4290: C++ exception specification ignored except to indicate a function is not __declspec(nothrow)
     1>c:\users\mato\fixer\cuda_aruco\src\cameraparameters.h(105): warning C4290: C++ exception specification ignored except to indicate a function is not __declspec(nothrow)
     1>c:\users\mato\fixer\cuda_aruco\src\cameraparameters.h(118): warning C4290: C++ exception specification ignored except to indicate a function is not __declspec(nothrow)
     1>c:\users\mato\fixer\cuda_aruco\src\cameraparameters.h(128): warning C4290: C++ exception specification ignored except to indicate a function is not __declspec(nothrow)
     1>c:\users\mato\fixer\cuda_aruco\src\cameraparameters.h(129): warning C4290: C++ exception specification ignored except to indicate a function is not __declspec(nothrow)
     1>c:\users\mato\fixer\cuda_aruco\src\marker.h(75): warning C4290: C++ exception specification ignored except to indicate a function is not __declspec(nothrow)
     1>c:\users\mato\fixer\cuda_aruco\src\marker.h(82): warning C4290: C++ exception specification ignored except to indicate a function is not __declspec(nothrow)
     1>c:\users\mato\fixer\cuda_aruco\src\marker.h(87): warning C4290: C++ exception specification ignored except to indicate a function is not __declspec(nothrow)
     1>c:\users\mato\fixer\cuda_aruco\src\marker.h(99): warning C4290: C++ exception specification ignored except to indicate a function is not __declspec(nothrow)
     1>C:\Users\Mato\Fixer\cuda_aruco\src\board.h(86): warning C4290: C++ exception specification ignored except to indicate a function is not __declspec(nothrow)
     1>C:\Users\Mato\Fixer\cuda_aruco\src\board.h(97): warning C4290: C++ exception specification ignored except to indicate a function is not __declspec(nothrow)
     1>C:\Users\Mato\Fixer\cuda_aruco\src\board.h(100): warning C4290: C++ exception specification ignored except to indicate a function is not __declspec(nothrow)
     1>C:\Users\Mato\Fixer\cuda_aruco\src\board.h(112): warning C4290: C++ exception specification ignored except to indicate a function is not __declspec(nothrow)
     1>C:\Users\Mato\Fixer\cuda_aruco\src\board.h(120): warning C4290: C++ exception specification ignored except to indicate a function is not __declspec(nothrow)
     1>C:\Users\Mato\Fixer\cuda_aruco\src\board.h(123): warning C4290: C++ exception specification ignored except to indicate a function is not __declspec(nothrow)
     1>C:\Users\Mato\Fixer\cuda_aruco\src\board.h(146): warning C4290: C++ exception specification ignored except to indicate a function is not __declspec(nothrow)
     1>C:\Users\Mato\Fixer\cuda_aruco\src\board.h(158): warning C4290: C++ exception specification ignored except to indicate a function is not __declspec(nothrow)
     1>C:\Users\Mato\Fixer\cuda_aruco\src\board.h(163): warning C4290: C++ exception specification ignored except to indicate a function is not __declspec(nothrow)
     1>C:\Users\Mato\Fixer\cuda_aruco\src\board.h(166): warning C4290: C++ exception specification ignored except to indicate a function is not __declspec(nothrow)
     1>C:\Users\Mato\Fixer\cuda_aruco\utils\aruco_board_pix2meters.cpp(53): warning C4244: 'initializing' : conversion from 'double' to 'int', possible loss of data
     1>C:\Users\Mato\Fixer\cuda_aruco\utils\aruco_board_pix2meters.cpp(56): warning C4244: 'initializing' : conversion from 'double' to 'float', possible loss of data
       Link:
         C:\Program Files (x86)\Microsoft Visual Studio 12.0\VC\bin\x86_amd64\link.exe /ERRORREPORT:PROMPT /OUT:"C:\Users\Mato\Fixer\cuda_aruco\build\bin\Debug\aruco_board_pix2meters.exe" /INCREMENTAL /NOLOGO /LIBPATH:"C:/Program Files/NVIDIA GPU Computing Toolkit/CUDA/v7.5/lib/x64" /LIBPATH:"C:/Program Files/NVIDIA GPU Computing Toolkit/CUDA/v7.5/lib/x64/Debug" kernel32.lib user32.lib gdi32.lib winspool.lib shell32.lib ole32.lib oleaut32.lib uuid.lib comdlg32.lib advapi32.lib ..\bin\Debug\aruco130.lib C:\Intel\INDE\OpenCV_3.1_build_x64\lib\Debug\opencv_videostab310d.lib C:\Intel\INDE\OpenCV_3.1_build_x64\lib\Debug\opencv_superres310d.lib C:\Intel\INDE\OpenCV_3.1_build_x64\lib\Debug\opencv_stitching310d.lib C:\Intel\INDE\OpenCV_3.1_build_x64\lib\Debug\opencv_shape310d.lib C:\Intel\INDE\OpenCV_3.1_build_x64\lib\Debug\opencv_photo310d.lib C:\Intel\INDE\OpenCV_3.1_build_x64\lib\Debug\opencv_cudastereo310d.lib C:\Intel\INDE\OpenCV_3.1_build_x64\lib\Debug\opencv_cudaoptflow310d.lib C:\Intel\INDE\OpenCV_3.1_build_x64\lib\Debug\opencv_cudaobjdetect310d.lib C:\Intel\INDE\OpenCV_3.1_build_x64\lib\Debug\opencv_cudalegacy310d.lib C:\Intel\INDE\OpenCV_3.1_build_x64\lib\Debug\opencv_cudaimgproc310d.lib C:\Intel\INDE\OpenCV_3.1_build_x64\lib\Debug\opencv_cudafeatures2d310d.lib C:\Intel\INDE\OpenCV_3.1_build_x64\lib\Debug\opencv_cudacodec310d.lib C:\Intel\INDE\OpenCV_3.1_build_x64\lib\Debug\opencv_cudabgsegm310d.lib C:\Intel\INDE\OpenCV_3.1_build_x64\lib\Debug\opencv_calib3d310d.lib C:\Intel\INDE\OpenCV_3.1_build_x64\lib\Debug\opencv_objdetect310d.lib C:\Intel\INDE\OpenCV_3.1_build_x64\lib\Debug\opencv_cudawarping310d.lib C:\Intel\INDE\OpenCV_3.1_build_x64\lib\Debug\opencv_cudafilters310d.lib C:\Intel\INDE\OpenCV_3.1_build_x64\lib\Debug\opencv_video310d.lib C:\Intel\INDE\OpenCV_3.1_build_x64\lib\Debug\opencv_cudaarithm310d.lib C:\Intel\INDE\OpenCV_3.1_build_x64\lib\Debug\opencv_features2d310d.lib C:\Intel\INDE\OpenCV_3.1_build_x64\lib\Debug\opencv_ml310d.lib C:\Intel\INDE\OpenCV_3.1_build_x64\lib\Debug\opencv_highgui310d.lib C:\Intel\INDE\OpenCV_3.1_build_x64\lib\Debug\opencv_videoio310d.lib C:\Intel\INDE\OpenCV_3.1_build_x64\lib\Debug\opencv_imgcodecs310d.lib C:\Intel\INDE\OpenCV_3.1_build_x64\lib\Debug\opencv_imgproc310d.lib C:\Intel\INDE\OpenCV_3.1_build_x64\lib\Debug\opencv_flann310d.lib C:\Intel\INDE\OpenCV_3.1_build_x64\lib\Debug\opencv_core310d.lib C:\Intel\INDE\OpenCV_3.1_build_x64\lib\Debug\opencv_cudev310d.lib ..\bin\Debug\cuda_aruco.lib "C:\Program Files\NVIDIA GPU Computing Toolkit\CUDA\v7.5\lib\x64\cudart_static.lib" "C:\Program Files\NVIDIA GPU Computing Toolkit\CUDA\v7.5\lib\x64\cudadevrt.lib" /MANIFEST /MANIFESTUAC:"level='asInvoker' uiAccess='false'" /manifest:embed /DEBUG /PDB:"C:/Users/Mato/Fixer/cuda_aruco/build/bin/Debug/aruco_board_pix2meters.pdb" /SUBSYSTEM:CONSOLE /TLBID:1 /DYNAMICBASE /NXCOMPAT /IMPLIB:"C:/Users/Mato/Fixer/cuda_aruco/build/bin/Debug/aruco_board_pix2meters.lib" /MACHINE:X64   /machine:x64 aruco_board_pix2meters.dir\Debug\aruco_board_pix2meters.obj
     1>LINK : fatal error LNK1104: cannot open file '..\bin\Debug\aruco130.lib'
     1>Done Building Project "c:\Users\Mato\Fixer\cuda_aruco\build\utils\aruco_board_pix2meters.vcxproj" (Rebuild target(s)) -- FAILED.

Build FAILED.

Time Elapsed 00:00:01.84
